<?xml version="1.0" encoding="UTF-8"?>
<testsuite name="tests.WebQuizEngineTest" tests="1" skipped="0" failures="0" errors="0" timestamp="2025-07-18T21:57:31" hostname="LAPTOP-PE8210UE" time="3.579">
  <properties/>
  <testcase name="start" classname="tests.WebQuizEngineTest" time="3.579"/>
  <system-out><![CDATA[?[1;31m
Start test 1?[0m
?[0;34m
?[0m?[0;34m  .   ____          _            __ _ _
?[0m?[0;34m /\\ / ___'_ __ _ _(_)_ __  __ _ \ \ \ \
?[0m?[0;34m( ( )\___ | '_ | '_| | '_ \/ _` | \ \ \ \
?[0m?[0;34m \\/  ___)| |_)| | | | | || (_| |  ) ) ) )
?[0m?[0;34m  '  |____| .__|_| |_|_| |_\__, | / / / /
?[0m?[0;34m =========|_|==============|___/=/_/_/_/
?[0m?[0;34m :: Spring Boot ::                (v3.2.0)
?[0m?[0;34m
?[0m?[0;34m2025-07-19T00:57:31.686+03:00  INFO 312 --- [    Test worker] engine.WebQuizEngine                     : Starting WebQuizEngine using Java 21.0.7 with PID 312 (started by Admin in C:\Users\Admin\Web Quiz Engine with Java\Web Quiz Engine with Java\task)
?[0m?[0;34m2025-07-19T00:57:31.689+03:00  INFO 312 --- [    Test worker] engine.WebQuizEngine                     : No active profile set, falling back to 1 default profile: "default"
?[0m?[0;34m2025-07-19T00:57:33.152+03:00  INFO 312 --- [    Test worker] o.s.b.w.embedded.tomcat.TomcatWebServer  : Tomcat initialized with port 8889 (http)
?[0m?[0;34m2025-07-19T00:57:33.163+03:00  INFO 312 --- [    Test worker] o.apache.catalina.core.StandardService   : Starting service [Tomcat]
?[0m?[0;34m2025-07-19T00:57:33.164+03:00  INFO 312 --- [    Test worker] o.apache.catalina.core.StandardEngine    : Starting Servlet engine: [Apache Tomcat/10.1.16]
?[0m?[0;34m2025-07-19T00:57:33.217+03:00  INFO 312 --- [    Test worker] o.a.c.c.C.[Tomcat].[localhost].[/api]    : Initializing Spring embedded WebApplicationContext
?[0m?[0;34m2025-07-19T00:57:33.218+03:00  INFO 312 --- [    Test worker] w.s.c.ServletWebServerApplicationContext : Root WebApplicationContext: initialization completed in 1472 ms
?[0m?[0;34m2025-07-19T00:57:33.973+03:00  INFO 312 --- [    Test worker] o.s.b.a.e.web.EndpointLinksResolver      : Exposing 14 endpoint(s) beneath base path '/actuator'
?[0m?[0;34m2025-07-19T00:57:34.049+03:00  INFO 312 --- [    Test worker] o.s.b.w.embedded.tomcat.TomcatWebServer  : Tomcat started on port 8889 (http) with context path '/api'
?[0m?[0;34m2025-07-19T00:57:34.061+03:00  INFO 312 --- [    Test worker] engine.WebQuizEngine                     : Started WebQuizEngine in 2.793 seconds (process running for 3.677)
?[0;34m2025-07-19T00:57:34.407+03:00  INFO 312 --- [nio-8889-exec-1] o.a.c.c.C.[Tomcat].[localhost].[/api]    : Initializing Spring DispatcherServlet 'dispatcherServlet'
?[0m?[0;34m2025-07-19T00:57:34.408+03:00  INFO 312 --- [nio-8889-exec-1] o.s.web.servlet.DispatcherServlet        : Initializing Servlet 'dispatcherServlet'
?[0m?[0;34m2025-07-19T00:57:34.410+03:00  INFO 312 --- [nio-8889-exec-1] o.s.web.servlet.DispatcherServlet        : Completed initialization in 1 ms
?[0m?[1;31m
Start test 2?[0m
?[1;31m
Start test 3?[0m
]]></system-out>
  <system-err><![CDATA[]]></system-err>
</testsuite>
